------------------------------
  Elements     Atomic Weight  
------------------------------
  1.	C         12.01099968
  2.	H          1.00800002
  3.	O         15.99899960
  4.	N         14.00699997
------------------------------


--------------------------------------------------------------------------------------------------------------
                                                Molecular        Temperature        Elements
  Species                  Phase  Charge         weight         Low      High       C       H       O       N
--------------------------------------------------------------------------------------------------------------
    1. NC7H16                G      0          100.204998    300.00   3500.00       7      16       0       0
    2. NC10H22               G      0          142.285997    300.00   3500.00      10      22       0       0
    3. NC12H26               G      0          170.339997    300.00   3500.00      12      26       0       0
    4. H2O                   G      0           18.015000    300.00   3500.00       0       2       1       0
    5. O2                    G      0           31.997999    300.00   3500.00       0       0       2       0
    6. CO2                   G      0           44.008999    300.00   3500.00       1       0       2       0
    7. CO                    G      0           28.009999    300.00   3500.00       1       0       1       0
    8. N2                    G      0           28.014000    300.00   3500.00       0       0       0       2
    9. NC7H16(L)             L      0          100.204998    300.00   3500.00       7      16       0       0
   10. NC10H22(L)            L      0          142.285997    300.00   3500.00      10      22       0       0
   11. NC12H26(L)            L      0          170.339997    300.00   3500.00      12      26       0       0
   12. H2O(L)                G      0           18.015000    300.00   3500.00       0       2       1       0
--------------------------------------------------------------------------------------------------------------

--------------------------------------------------------------------------------------------------------------
                                                Molecular        Temperature        Elements
  Species                  Phase  Charge         weight         Low      High       C       H       O       N
--------------------------------------------------------------------------------------------------------------
    8. N2                    G      0           28.014000    300.00   3500.00       0       0       0       2
    5. O2                    G      0           31.997999    300.00   3500.00       0       0       2       0
    4. H2O                   G      0           18.015000    300.00   3500.00       0       2       1       0
   12. H2O(L)                G      0           18.015000    300.00   3500.00       0       2       1       0
    7. CO                    G      0           28.009999    300.00   3500.00       1       0       1       0
    6. CO2                   G      0           44.008999    300.00   3500.00       1       0       2       0
    1. NC7H16                G      0          100.204998    300.00   3500.00       7      16       0       0
    9. NC7H16(L)             L      0          100.204998    300.00   3500.00       7      16       0       0
    2. NC10H22               G      0          142.285997    300.00   3500.00      10      22       0       0
   10. NC10H22(L)            L      0          142.285997    300.00   3500.00      10      22       0       0
    3. NC12H26               G      0          170.339997    300.00   3500.00      12      26       0       0
   11. NC12H26(L)            L      0          170.339997    300.00   3500.00      12      26       0       0
--------------------------------------------------------------------------------------------------------------

---------------------------------------------------------------------------------------
                                LIQUID MECHANISM                                       
---------------------------------------------------------------------------------------

       Number of materials:       1
       Number of liquid species:   4

       Materials: 
       LIQUIDMIX

       ------------------------------------------------------------------------------------------------------------------
       LIQUIDMIX               global-index    liquid-index    local-index     
       ------------------------------------------------------------------------------------------------------------------
       NC7H16(L)               9               1               1               
       NC10H22(L)              10              2               2               
       NC12H26(L)              11              3               3               
       H2O(L)                  12              4               4               

--------------------------------------------------------------------------------------------------------
                                  CHEMICAL REACTIONS                                                  

                         Units: [kmol, m3, s] and [cal/mol]                                           
--------------------------------------------------------------------------------------------------------


