------------------------------
  Elements     Atomic Weight  
------------------------------
  1.	C         12.01099968
  2.	H          1.00800002
------------------------------


----------------------------------------------------------------------------------------------
                                                Molecular        Temperature        Elements
  Species                  Phase  Charge         weight         Low      High       C       H
----------------------------------------------------------------------------------------------
    1. CH3                   G      0           15.035000    300.00   5000.00       1       3
    2. C2H6                  G      0           30.069999    300.00   5000.00       2       6
    3. CH4                   G      0           16.043000    300.00   5000.00       1       4
    4. H                     G      0            1.008000    300.00   5000.00       0       1
    5. H2                    G      0            2.016000    300.00   5000.00       0       2
----------------------------------------------------------------------------------------------

----------------------------------------------------------------------------------------------
                                                Molecular        Temperature        Elements
  Species                  Phase  Charge         weight         Low      High       C       H
----------------------------------------------------------------------------------------------
    4. H                     G      0            1.008000    300.00   5000.00       0       1
    5. H2                    G      0            2.016000    300.00   5000.00       0       2
    1. CH3                   G      0           15.035000    300.00   5000.00       1       3
    3. CH4                   G      0           16.043000    300.00   5000.00       1       4
    2. C2H6                  G      0           30.069999    300.00   5000.00       2       6
----------------------------------------------------------------------------------------------

---------------------------------------------------------------------------------------
                                  CHEMICAL REACTIONS                                   

                          Units: [mol, cm3, s] and [cal/mol]                           
---------------------------------------------------------------------------------------


      1. 2CH3 (+M)  = C2H6 (+M) 
         Fall-off (Troe)
         k0:      3.180000e+41	   -7.03       2762.00
         kInf:    9.030000e+16	   -1.18        654.00
         Troe Parameters
         a    6.04e-01
         T*** 6.93e+03
         T*   1.32e+02
         T**  0.00e+00
         Third body efficiencies
         H2                  	enhanced by	   2.000


      2. CH4 + H  = CH3 + H2 
         k:       2.200000e+04	    3.00       8750.00


      3. CH3 + H (+M)  = CH4 (+M) 
         Fall-off (Lindemann)
         k0:      8.000000e+26	   -3.00          0.00
         kInf:    6.000000e+16	   -1.00          0.00
         Third body efficiencies
         H2                  	enhanced by	   2.000


      4. 2H +M  = H2 +M 
         k:       1.000000e+18	   -1.00          0.00
         Third body efficiencies
         H2                  	enhanced by	   0.000


      5. 2H + H2  = 2H2 
         k:       9.200000e+16	   -0.60          0.00


