-----------------------------------------------------------------------------------------------------------------------------------------------------
Name                              MW       Cp@298K        H@298K        G@298K        S@298K      Cp@1000K       H@1000K       G@1000K       S@1000K 
                           [kg/kmol]   [cal/mol/K]    [kcal/mol]    [kcal/mol]   [cal/mol/K]   [cal/mol/K]    [kcal/mol]    [kcal/mol]   [cal/mol/K] 
-----------------------------------------------------------------------------------------------------------------------------------------------------
CH3                          15.0350        9.2123       34.8182       20.9999       46.3700       14.1190       43.1122      -16.9778       60.0900
C2H6                         30.0700       12.4700      -20.6726      -37.1606       55.3289       29.4416       -5.1553      -85.1739       80.0185
CH4                          16.0430        8.3962      -17.8995      -31.1488       44.4607       17.2454       -8.7622      -67.9093       59.1471
H                             1.0080        4.9675       52.0924       43.9314       27.3861        4.9675       55.5796       22.1796       33.4000
H2                            2.0160        6.8997       -0.0004       -9.3000       31.2064        7.2078        4.9390      -34.7575       39.6965
-----------------------------------------------------------------------------------------------------------------------------------------------------

 ====================================================================================================
   THERMO TABLE FOR MOLECULE CH3
 ====================================================================================================
   Elemental Composition:
     C 1.0000
     H 3.0000
   Formation Enthalpy at 298K =          34.8182 kcal/mol
   Formation Free Gibbs Energy at 298K = 20.9999 kcal/mol
   Molecular Weight =                    15.0350 kg/kmol
 -----------------------------------------------------------------------------------------------------
   Temperature       Cp             H             G            S             DH            DG         
       [K]       [cal/mol/K]    [kcal/mol]    [kcal/mol]  [cal/(mol-K)]  [kcal/mol]     [kcal/mol]    
 -----------------------------------------------------------------------------------------------------
     300.0000      9.2313        34.8366       20.9071       46.4317       0.0184        -0.0928       
     600.0000      11.5229       37.9694       5.8218        53.5793       3.1512        -15.1781      
     800.0000      12.8714       40.4089       -5.2544       57.0791       5.5908        -26.2543      
     1000.0000     14.1190       43.1122       -16.9778      60.0900       8.2940        -37.9777      
     1200.0000     15.1035       46.0375       -29.2673      62.7540       11.2193       -50.2672      
     1400.0000     15.9162       49.1421       -42.0613      65.1453       14.3240       -63.0612      
     1600.0000     16.5812       52.3941       -55.3107      67.3155       17.5760       -76.3106      
     1800.0000     17.1203       55.7662       -68.9751      69.3008       20.9480       -89.9751      
     2000.0000     17.5540       59.2352       -83.0205      71.1278       24.4171       -104.0204     
     2200.0000     17.9003       62.7820       -97.4171      72.8178       27.9638       -118.4171     
     2400.0000     18.1760       66.3907       -112.1396     74.3876       31.5725       -133.1395     
     2600.0000     18.3954       70.0486       -127.1651     75.8514       35.2305       -148.1650     
 -----------------------------------------------------------------------------------------------------


 ====================================================================================================
   THERMO TABLE FOR MOLECULE C2H6
 ====================================================================================================
   Elemental Composition:
     C 2.0000
     H 6.0000
   Formation Enthalpy at 298K =          -20.6726 kcal/mol
   Formation Free Gibbs Energy at 298K = -37.1606 kcal/mol
   Molecular Weight =                    30.0700 kg/kmol
 -----------------------------------------------------------------------------------------------------
   Temperature       Cp             H             G            S             DH            DG         
       [K]       [cal/mol/K]    [kcal/mol]    [kcal/mol]  [cal/(mol-K)]  [kcal/mol]     [kcal/mol]    
 -----------------------------------------------------------------------------------------------------
     300.0000      12.5402       -20.6476      -37.2714      55.4125       0.0250        -0.1107       
     600.0000      21.4848       -15.4687      -55.6812      67.0209       5.2039        -18.5206      
     800.0000      25.9433       -10.7082      -69.7783      73.8376       9.9644        -32.6177      
     1000.0000     29.4416       -5.1553       -85.1739      80.0185       15.5173       -48.0133      
     1200.0000     32.1588       1.0164        -101.7482     85.6372       21.6890       -64.5876      
     1400.0000     34.2478       7.6664        -119.3956     90.7586       28.3390       -82.2350      
     1600.0000     35.8352       14.6821       -138.0224     95.4403       35.3547       -100.8618     
     1800.0000     37.0213       21.9738       -157.5458     99.7331       42.6464       -120.3852     
     2000.0000     37.8801       29.4689       -177.8926     103.6807      50.1415       -140.7320     
     2200.0000     38.5502       37.1134       -198.9977     107.3232      57.7860       -161.8371     
     2400.0000     39.1352       44.8833       -220.8044     110.7032      65.5559       -183.6438     
     2600.0000     39.6379       52.7619       -243.2639     113.8561      73.4346       -206.1033     
 -----------------------------------------------------------------------------------------------------


 ====================================================================================================
   THERMO TABLE FOR MOLECULE CH4
 ====================================================================================================
   Elemental Composition:
     C 1.0000
     H 4.0000
   Formation Enthalpy at 298K =          -17.8995 kcal/mol
   Formation Free Gibbs Energy at 298K = -31.1488 kcal/mol
   Molecular Weight =                    16.0430 kg/kmol
 -----------------------------------------------------------------------------------------------------
   Temperature       Cp             H             G            S             DH            DG         
       [K]       [cal/mol/K]    [kcal/mol]    [kcal/mol]  [cal/(mol-K)]  [kcal/mol]     [kcal/mol]    
 -----------------------------------------------------------------------------------------------------
     300.0000      8.4268        -17.8827      -31.2378      44.5170       0.0168        -0.0890       
     600.0000      12.4101       -14.7405      -45.7125      51.6200       3.1590        -14.5637      
     800.0000      14.9970       -12.0000      -56.4353      55.5441       5.8995        -25.2865      
     1000.0000     17.2454       -8.7622       -67.9093      59.1471       9.1373        -36.7605      
     1200.0000     18.8112       -5.1513       -80.0727      62.4345       12.7482       -48.9239      
     1400.0000     20.0872       -1.2570       -92.8639      65.4335       16.6425       -61.7151      
     1600.0000     21.1158       2.8671        -106.2297     68.1855       20.7666       -75.0808      
     1800.0000     21.9359       7.1754        -120.1238     70.7218       25.0749       -88.9749      
     2000.0000     22.5830       11.6299       -134.5057     73.0678       29.5294       -103.3569     
     2200.0000     23.0892       16.1992       -149.3396     75.2449       34.0987       -118.1908     
     2400.0000     23.4831       20.8581       -164.5936     77.2715       38.7576       -133.4448     
     2600.0000     23.7900       25.5866       -180.2393     79.1638       43.4862       -149.0905     
 -----------------------------------------------------------------------------------------------------


 ====================================================================================================
   THERMO TABLE FOR MOLECULE H
 ====================================================================================================
   Elemental Composition:
     H 1.0000
   Formation Enthalpy at 298K =          52.0924 kcal/mol
   Formation Free Gibbs Energy at 298K = 43.9314 kcal/mol
   Molecular Weight =                    1.0080 kg/kmol
 -----------------------------------------------------------------------------------------------------
   Temperature       Cp             H             G            S             DH            DG         
       [K]       [cal/mol/K]    [kcal/mol]    [kcal/mol]  [cal/(mol-K)]  [kcal/mol]     [kcal/mol]    
 -----------------------------------------------------------------------------------------------------
     300.0000      4.9675        52.1024       43.8766       27.4193       0.0099        -0.0548       
     600.0000      4.9675        53.5926       35.0751       30.8625       1.5002        -8.8563       
     800.0000      4.9675        54.5861       28.7529       32.2916       2.4937        -15.1785      
     1000.0000     4.9675        55.5796       22.1796       33.4000       3.4872        -21.7518      
     1200.0000     4.9675        56.5731       15.4063       34.3057       4.4807        -28.5251      
     1400.0000     4.9675        57.5666       8.4666        35.0714       5.4742        -35.4648      
     1600.0000     4.9675        58.5601       1.3845        35.7348       6.4677        -42.5469      
     1800.0000     4.9675        59.5536       -5.8221       36.3198       7.4612        -49.7535      
     2000.0000     4.9675        60.5471       -13.1393      36.8432       8.4547        -57.0707      
     2200.0000     4.9675        61.5406       -20.5561      37.3167       9.4482        -64.4875      
     2400.0000     4.9675        62.5341       -28.0633      37.7489       10.4417       -71.9947      
     2600.0000     4.9675        63.5276       -35.6533      38.1465       11.4352       -79.5847      
 -----------------------------------------------------------------------------------------------------


 ====================================================================================================
   THERMO TABLE FOR MOLECULE H2
 ====================================================================================================
   Elemental Composition:
     H 2.0000
   Formation Enthalpy at 298K =          -0.0004 kcal/mol
   Formation Free Gibbs Energy at 298K = -9.3000 kcal/mol
   Molecular Weight =                    2.0160 kg/kmol
 -----------------------------------------------------------------------------------------------------
   Temperature       Cp             H             G            S             DH            DG         
       [K]       [cal/mol/K]    [kcal/mol]    [kcal/mol]  [cal/(mol-K)]  [kcal/mol]     [kcal/mol]    
 -----------------------------------------------------------------------------------------------------
     300.0000      6.9011        0.0134        -9.3624       31.2526       0.0138        -0.0625       
     600.0000      7.0202        2.1054        -19.5435      36.0814       2.1058        -10.2435      
     800.0000      7.0693        3.5138        -26.9718      38.1070       3.5142        -17.6718      
     1000.0000     7.2078        4.9390        -34.7575      39.6965       4.9394        -25.4576      
     1200.0000     7.4268        6.4027        -42.8336      41.0302       6.4031        -33.5336      
     1400.0000     7.6337        7.9089        -51.1581      42.1908       7.9094        -41.8582      
     1600.0000     7.8285        9.4553        -59.7014      43.2229       9.4558        -50.4014      
     1800.0000     8.0111        11.0395       -68.4407      44.1557       11.0400       -59.1408      
     2000.0000     8.1818        12.6590       -77.3584      45.0087       12.6594       -68.0584      
     2200.0000     8.3408        14.3114       -86.4398      45.7960       14.3119       -77.1399      
     2400.0000     8.4884        15.9945       -95.6731      46.5282       15.9950       -86.3731      
     2600.0000     8.6252        17.7061       -105.0479     47.2131       17.7065       -95.7480      
 -----------------------------------------------------------------------------------------------------


