 ----------------------------------------------------------------------------------------------------------------------------------------------------------------------------------------------------------------------------------------------------------
                     SPECIFIC HEAT COEFFICIENTS                                                                     

             Cp = A + B*T + C*T^2 + D*T^3 + E*T^4  [J/kg/K]                                                         

    Species                      Cp(298K)         Cp(1000K)          LT-HT            A(LT)            B(LT)            C(LT)            D(LT)            E(LT)             A(HT)           B(HT)            C(HT)            D(HT)           E(HT)      
 ----------------------------------------------------------------------------------------------------------------------------------------------------------------------------------------------------------------------------------------------------------

    1. CH3                      2.563887e+03     3.929488e+03     1.000000e+03     1.344052e+03     6.151706e+00    -9.291738e-03     8.968829e-06    -3.243361e-09     1.572781e+03     3.394343e+00    -1.233397e-03     2.093221e-07    -1.356061e-11
    2. C2H6                     1.735285e+03     4.096982e+03     2.000000e+03     2.266189e+01     6.677190e+00    -3.369678e-03     8.619987e-07    -9.519128e-11     3.715125e+03     1.004414e+00    -6.828141e-05    -3.104712e-08     4.300629e-12
    3. CH4                      2.189941e+03     4.498044e+03     1.000000e+03     4.035914e+02     9.057485e+00    -1.442533e-02     1.580545e-05    -6.343156e-09     8.724815e+02     5.305561e+00    -2.008328e-03     3.516704e-07    -2.333949e-11
    4. H                        2.062119e+04     2.062119e+04     1.000000e+03     2.062119e+04     0.000000e+00     0.000000e+00     0.000000e+00     0.000000e+00     2.062119e+04     0.000000e+00     0.000000e+00     0.000000e+00     0.000000e+00
    5. H2                       1.432099e+04     1.496067e+04     1.000000e+03     1.360225e+04     3.402265e+00    -3.358373e-03    -3.907894e-07     1.705319e-09     1.233734e+04     2.887232e+00    -2.323525e-04    -3.807322e-08     6.527644e-12

 ----------------------------------------------------------------------------------------------------------------------------------------------------------------------------------------------------------------------------------------------------------


 -------------------------------------------------------------------------------------------------------------------------------------------------------------------------------------------------------------------------------------------------------------------------------------------
                           ENTHALPY COEFFICIENTS                                                                     

             H/(RT) = A + B*T + C*T^2 + D*T^3 + E*T^4 + F/T  [-]                                                         

    Species                   H(298K)[J/kmol]  H(1000K)[J/kmol]      LT-HT            A(LT)            B(LT)            C(LT)            D(LT)            E(LT)           F(LT)             A(HT)            B(HT)            C(HT)           D(HT)             E(HT)            F(HT)      
 -------------------------------------------------------------------------------------------------------------------------------------------------------------------------------------------------------------------------------------------------------------------------------------------

    1. CH3                      1.456942e+08     1.803999e+08     1.000000e+03     2.430443e+00     5.562049e-03    -5.600734e-06     4.054572e-09    -1.172991e-12     1.642378e+04     2.844052e+00     3.068987e-03    -7.434484e-07     9.462902e-11    -4.904318e-15     1.643781e+04
    2. C2H6                    -8.650309e+07    -2.157208e+07     2.000000e+03     8.195878e-02     1.207433e-02    -4.062247e-06     7.793739e-10    -6.885357e-14    -1.139909e+04     1.343608e+01     1.816277e-03    -8.231529e-08    -2.807117e-11     3.110722e-15    -1.829832e+04
    3. CH4                     -7.489934e+07    -3.666484e+07     1.000000e+03     7.787415e-01     8.738342e-03    -9.278030e-06     7.624270e-09    -2.447861e-12    -9.825229e+03     1.683479e+00     5.118618e-03    -1.291710e-06     1.696396e-10    -9.006846e-15    -1.008079e+04
    4. H                        2.179772e+08     2.325690e+08     1.000000e+03     2.500000e+00     0.000000e+00     0.000000e+00     0.000000e+00     0.000000e+00     2.547163e+04     2.500000e+00     0.000000e+00     0.000000e+00     0.000000e+00     0.000000e+00     2.547163e+04
    5. H2                      -1.881027e+03     2.066685e+07     1.000000e+03     3.298124e+00     4.124721e-04    -2.714338e-07    -2.368859e-11     8.269744e-14    -1.012521e+03     2.991423e+00     3.500322e-04    -1.877943e-08    -2.307895e-12     3.165504e-16    -8.350340e+02

 -------------------------------------------------------------------------------------------------------------------------------------------------------------------------------------------------------------------------------------------------------------------------------------------


 -------------------------------------------------------------------------------------------------------------------------------------------------------------------------------------------------------------------------------------------------------------------------------------------
                             ENTROPY COEFFICIENTS                                                                     

             S/R = A*lnT + B*T + C*T^2 + D*T^3 + E*T^4 + F  [-]                                                         

    Species                 S(298K)[J/kmol/K] S(1000K)[J/kmol/K]     LT-HT            A(LT)            B(LT)            C(LT)            D(LT)            E(LT)           F(LT)             A(HT)            B(HT)            C(HT)           D(HT)             E(HT)            F(HT)      
 -------------------------------------------------------------------------------------------------------------------------------------------------------------------------------------------------------------------------------------------------------------------------------------------

    1. CH3                      1.940320e+05     2.514422e+05     1.000000e+03     2.430443e+00     1.112410e-02    -8.401102e-06     5.406096e-09    -1.466238e-12     6.789794e+00     2.844052e+00     6.137974e-03    -1.115173e-06     1.261720e-10    -6.130398e-15     5.452697e+00
    2. C2H6                     2.315198e+05     3.348320e+05     2.000000e+03     8.195878e-02     2.414866e-02    -6.093371e-06     1.039165e-09    -8.606696e-14     2.069650e+01     1.343608e+01     3.632555e-03    -1.234729e-07    -3.742823e-11     3.888403e-15    -5.648082e+01
    3. CH4                      1.860428e+05     2.474971e+05     1.000000e+03     7.787415e-01     1.747668e-02    -1.391705e-05     1.016569e-08    -3.059827e-12     1.372219e+01     1.683479e+00     1.023724e-02    -1.937564e-06     2.261862e-10    -1.125856e-14     9.623395e+00
    4. H                        1.145950e+05     1.397600e+05     1.000000e+03     2.500000e+00     0.000000e+00     0.000000e+00     0.000000e+00     0.000000e+00    -4.601176e-01     2.500000e+00     0.000000e+00     0.000000e+00     0.000000e+00     0.000000e+00    -4.601176e-01
    5. H2                       1.305810e+05     1.661073e+05     1.000000e+03     3.298124e+00     8.249442e-04    -4.071508e-07    -3.158478e-11     1.033718e-13    -3.294094e+00     2.991423e+00     7.000644e-04    -2.816914e-08    -3.077193e-12     3.956879e-16    -1.355110e+00

 -------------------------------------------------------------------------------------------------------------------------------------------------------------------------------------------------------------------------------------------------------------------------------------------


