
-----------------------------------------------------------------------------
Status                        Initial             Final
-----------------------------------------------------------------------------
Time[s]                       0                   86400
T[K]                          2500.000            2500.000
P[atm]                        2.000000e-01        2.257855e-01
V[m3]                         1.000000e-04        1.000000e-04
A[m2]                         1.000000e-03        1.000000e-03
mass[kg]                      3.332986e-07        2.162000e-07
rho[kg/m3]                    2.162000e-03        2.162000e-03
MW[kg/kmol]                   3.418700e+00        1.964342e+00
Gamma[kmol/m2]                5.220000e-08        5.220000e-08
Bulk[kg]                      0.000000e+00        1.170986e-07
Phi[-]                        1.000000e+03        1.000000e+03
Gas H [J/kg]                  2.139972e+07        4.092900e+07
Gas U [J/kg]                  1.531958e+07        3.034726e+07
Gas Conversion (%) CH4        0.000e+00           1.000e+02
Gas Conversion (%) H2         0.000e+00           -1.901e+01
Total gas species (kmol)      9.749278e-08        1.100623e-07
Total surface species (kmol)  4.176000e-10        4.176000e-10
Gas element (kmol) C          9.801478e-09        5.220001e-11
Gas element (kmol) H          2.145363e-07        2.145363e-07
-----------------------------------------------------------------------------

-----------------------------------------------------------------------------
Bulk species [kg]             Initial             Final
-----------------------------------------------------------------------------
D                             0.000000e+00        1.170986e-07
-----------------------------------------------------------------------------

-----------------------------------------------------------------------------
Site densities [kmol/m2]      Initial             Final
-----------------------------------------------------------------------------
DIAMOND                       5.220000e-08        5.220000e-08
-----------------------------------------------------------------------------

-----------------------------------------------------------------------------
Surface fractions             Initial             Final
-----------------------------------------------------------------------------
CH(S)                         1.000000e+00        9.999998e-01
C(S,R)                        0.000000e+00        1.659113e-07
CH3(S)                        0.000000e+00        1.460521e-11
CH2(S)                        0.000000e+00        1.460673e-11
-----------------------------------------------------------------------------

-----------------------------------------------------------------------------
Mass fractions                Initial             Final
-----------------------------------------------------------------------------
CH3                           0.000000e+00        2.864161e-10
C2H6                          0.000000e+00        1.118673e-21
CH4                           4.692719e-01        2.379075e-10
H                             0.000000e+00        2.629794e-02
H2                            5.307281e-01        9.737021e-01
-----------------------------------------------------------------------------

-----------------------------------------------------------------------------
Mole fractions                Initial             Final
-----------------------------------------------------------------------------
CH3                           0.000000e+00        3.742063e-11
C2H6                          0.000000e+00        7.307802e-23
CH4                           1.000000e-01        2.912994e-11
H                             0.000000e+00        5.124816e-02
H2                            9.000000e-01        9.487518e-01
-----------------------------------------------------------------------------
